<?xml version="1.0" encoding="UTF-8"?>
<!-- Generated by org.testng.reporters.JUnitReportReporter -->
<testsuite hostname="Parzival" failures="0" tests="1" name="testRunner.TestRunner" time="38.451" errors="0" timestamp="2024-09-03T08:59:38 IST" skipped="0">
  <testcase classname="testRunner.TestRunner" name="runScenario" time="38.451"/>
  <system-out/>
</testsuite> <!-- testRunner.TestRunner -->
